# JRE version: OpenJDK Runtime Environment (17.0.19+10) (build 17.0.19+10-1-deb12u2-Debian)
# Java VM: OpenJDK 64-Bit Server VM (17.0.19+10-1-deb12u2-Debian, mixed mode, sharing, tiered, compressed oops, compressed class ptrs, g1 gc, linux-amd64)
GC Precious Log:
 CPUs: 4 total, 4 available
 Memory: 2747M
 Large Page Support: Disabled
 NUMA Support: Disabled
 Compressed Oops: Enabled (32-bit)
 Heap Region Size: 1M
 Heap Min Capacity: 8M
 Heap Initial Capacity: 44M
 Heap Max Capacity: 688M
 Pre-touch: Disabled
 Parallel Workers: 4
 Concurrent Workers: 1
 Concurrent Refinement Workers: 4
 Periodic GC: Disabled
Heap:
 garbage-first heap   total 47104K, used 32245K [0x00000000d5000000, 0x0000000100000000)
  region size 1024K, 23 young (23552K), 4 survivors (4096K)
 Metaspace       used 15954K, committed 16128K, reserved 1114112K
  class space    used 1960K, committed 2048K, reserved 1048576K
GC Heap History (20 events):
Event: 95.955 GC heap before
{Heap before GC invocations=10 (full 0):
 garbage-first heap   total 47104K, used 33278K [0x00000000d5000000, 0x0000000100000000)
  region size 1024K, 26 young (26624K), 1 survivors (1024K)
 Metaspace       used 8791K, committed 8960K, reserved 1114112K
  class space    used 932K, committed 1024K, reserved 1048576K
}
Event: 95.986 GC heap after
{Heap after GC invocations=11 (full 0):
 garbage-first heap   total 47104K, used 8702K [0x00000000d5000000, 0x0000000100000000)
  region size 1024K, 1 young (1024K), 1 survivors (1024K)
 Metaspace       used 8791K, committed 8960K, reserved 1114112K
  class space    used 932K, committed 1024K, reserved 1048576K
}
Event: 96.345 GC heap before
{Heap before GC invocations=11 (full 0):
 garbage-first heap   total 47104K, used 33278K [0x00000000d5000000, 0x0000000100000000)
  region size 1024K, 26 young (26624K), 1 survivors (1024K)
 Metaspace       used 8791K, committed 8960K, reserved 1114112K
  class space    used 932K, committed 1024K, reserved 1048576K
}
Event: 96.346 GC heap after
{Heap after GC invocations=12 (full 0):
 garbage-first heap   total 47104K, used 8699K [0x00000000d5000000, 0x0000000100000000)
  region size 1024K, 1 young (1024K), 1 survivors (1024K)
 Metaspace       used 8791K, committed 8960K, reserved 1114112K
  class space    used 932K, committed 1024K, reserved 1048576K
}
Event: 96.648 GC heap before
{Heap before GC invocations=12 (full 0):
 garbage-first heap   total 47104K, used 33275K [0x00000000d5000000, 0x0000000100000000)
  region size 1024K, 26 young (26624K), 1 survivors (1024K)
 Metaspace       used 8791K, committed 8960K, reserved 1114112K
  class space    used 932K, committed 1024K, reserved 1048576K
}
Event: 96.651 GC heap after
{Heap after GC invocations=13 (full 0):
 garbage-first heap   total 47104K, used 8694K [0x00000000d5000000, 0x0000000100000000)
  region size 1024K, 1 young (1024K), 1 survivors (1024K)
 Metaspace       used 8791K, committed 8960K, reserved 1114112K
  class space    used 932K, committed 1024K, reserved 1048576K
}
Event: 96.993 GC heap before
{Heap before GC invocations=13 (full 0):
 garbage-first heap   total 47104K, used 33270K [0x00000000d5000000, 0x0000000100000000)
  region size 1024K, 26 young (26624K), 1 survivors (1024K)
 Metaspace       used 8791K, committed 8960K, reserved 1114112K
  class space    used 932K, committed 1024K, reserved 1048576K
}
Event: 96.994 GC heap after
{Heap after GC invocations=14 (full 0):
 garbage-first heap   total 47104K, used 8695K [0x00000000d5000000, 0x0000000100000000)
  region size 1024K, 1 young (1024K), 1 survivors (1024K)
 Metaspace       used 8791K, committed 8960K, reserved 1114112K
  class space    used 932K, committed 1024K, reserved 1048576K
}
Event: 97.410 GC heap before
{Heap before GC invocations=14 (full 0):
 garbage-first heap   total 47104K, used 33271K [0x00000000d5000000, 0x0000000100000000)
  region size 1024K, 26 young (26624K), 1 survivors (1024K)
 Metaspace       used 8791K, committed 8960K, reserved 1114112K
  class space    used 932K, committed 1024K, reserved 1048576K
}
Event: 97.412 GC heap after
{Heap after GC invocations=15 (full 0):
 garbage-first heap   total 47104K, used 8703K [0x00000000d5000000, 0x0000000100000000)
  region size 1024K, 1 young (1024K), 1 survivors (1024K)
 Metaspace       used 8791K, committed 8960K, reserved 1114112K
  class space    used 932K, committed 1024K, reserved 1048576K
}
Event: 97.813 GC heap before
{Heap before GC invocations=15 (full 0):
 garbage-first heap   total 47104K, used 33279K [0x00000000d5000000, 0x0000000100000000)
  region size 1024K, 26 young (26624K), 1 survivors (1024K)
 Metaspace       used 8791K, committed 8960K, reserved 1114112K
  class space    used 932K, committed 1024K, reserved 1048576K
}
Event: 97.814 GC heap after
{Heap after GC invocations=16 (full 0):
 garbage-first heap   total 47104K, used 8694K [0x00000000d5000000, 0x0000000100000000)
  region size 1024K, 1 young (1024K), 1 survivors (1024K)
 Metaspace       used 8791K, committed 8960K, reserved 1114112K
  class space    used 932K, committed 1024K, reserved 1048576K
}
Event: 98.121 GC heap before
{Heap before GC invocations=16 (full 0):
 garbage-first heap   total 47104K, used 33270K [0x00000000d5000000, 0x0000000100000000)
  region size 1024K, 26 young (26624K), 1 survivors (1024K)
 Metaspace       used 8791K, committed 8960K, reserved 1114112K
  class space    used 932K, committed 1024K, reserved 1048576K
}
Event: 98.124 GC heap after
{Heap after GC invocations=17 (full 0):
 garbage-first heap   total 47104K, used 8704K [0x00000000d5000000, 0x0000000100000000)
  region size 1024K, 1 young (1024K), 1 survivors (1024K)
 Metaspace       used 8791K, committed 8960K, reserved 1114112K
  class space    used 932K, committed 1024K, reserved 1048576K
}
Event: 98.406 GC heap before
{Heap before GC invocations=17 (full 0):
 garbage-first heap   total 47104K, used 33280K [0x00000000d5000000, 0x0000000100000000)
  region size 1024K, 26 young (26624K), 1 survivors (1024K)
 Metaspace       used 8791K, committed 8960K, reserved 1114112K
  class space    used 932K, committed 1024K, reserved 1048576K
}
Event: 98.407 GC heap after
{Heap after GC invocations=18 (full 0):
 garbage-first heap   total 47104K, used 8703K [0x00000000d5000000, 0x0000000100000000)
  region size 1024K, 1 young (1024K), 1 survivors (1024K)
 Metaspace       used 8791K, committed 8960K, reserved 1114112K
  class space    used 932K, committed 1024K, reserved 1048576K
}
Event: 100.237 GC heap before
{Heap before GC invocations=18 (full 0):
 garbage-first heap   total 47104K, used 33279K [0x00000000d5000000, 0x0000000100000000)
  region size 1024K, 26 young (26624K), 1 survivors (1024K)
 Metaspace       used 9389K, committed 9600K, reserved 1114112K
  class space    used 999K, committed 1088K, reserved 1048576K
}
Event: 100.239 GC heap after
{Heap after GC invocations=19 (full 0):
 garbage-first heap   total 47104K, used 5054K [0x00000000d5000000, 0x0000000100000000)
  region size 1024K, 1 young (1024K), 1 survivors (1024K)
 Metaspace       used 9389K, committed 9600K, reserved 1114112K
  class space    used 999K, committed 1088K, reserved 1048576K
}
Event: 101.624 GC heap before
{Heap before GC invocations=19 (full 0):
 garbage-first heap   total 47104K, used 32702K [0x00000000d5000000, 0x0000000100000000)
  region size 1024K, 26 young (26624K), 1 survivors (1024K)
 Metaspace       used 12449K, committed 12672K, reserved 1114112K
  class space    used 1464K, committed 1600K, reserved 1048576K
}
Event: 101.636 GC heap after
{Heap after GC invocations=20 (full 0):
 garbage-first heap   total 47104K, used 13813K [0x00000000d5000000, 0x0000000100000000)
  region size 1024K, 4 young (4096K), 4 survivors (4096K)
 Metaspace       used 12449K, committed 12672K, reserved 1114112K
  class space    used 1464K, committed 1600K, reserved 1048576K
}

